[2025-12-03T01:46:24.024+0000] {taskinstance.py:1956} INFO - Dependencies all met for dep_context=non-requeueable deps ti=<TaskInstance: seed_sitemusica_v2.seed_composicoes manual__2025-12-03T01:25:34.803493+00:00 [queued]>
[2025-12-03T01:46:24.044+0000] {taskinstance.py:1956} INFO - Dependencies all met for dep_context=requeueable deps ti=<TaskInstance: seed_sitemusica_v2.seed_composicoes manual__2025-12-03T01:25:34.803493+00:00 [queued]>
[2025-12-03T01:46:24.045+0000] {taskinstance.py:2170} INFO - Starting attempt 1 of 2
[2025-12-03T01:46:24.080+0000] {taskinstance.py:2191} INFO - Executing <Task(PythonOperator): seed_composicoes> on 2025-12-03 01:25:34.803493+00:00
[2025-12-03T01:46:24.092+0000] {standard_task_runner.py:60} INFO - Started process 83 to run task
[2025-12-03T01:46:24.099+0000] {standard_task_runner.py:87} INFO - Running: ['airflow', 'tasks', 'run', 'seed_sitemusica_v2', 'seed_composicoes', 'manual__2025-12-03T01:25:34.803493+00:00', '--job-id', '32', '--raw', '--subdir', 'DAGS_FOLDER/seed_sitemusica.py', '--cfg-path', '/tmp/tmpfceoqnfi']
[2025-12-03T01:46:24.101+0000] {standard_task_runner.py:88} INFO - Job 32: Subtask seed_composicoes
[2025-12-03T01:46:24.193+0000] {task_command.py:423} INFO - Running <TaskInstance: seed_sitemusica_v2.seed_composicoes manual__2025-12-03T01:25:34.803493+00:00 [running]> on host 6ad858a5d454
[2025-12-03T01:46:24.367+0000] {taskinstance.py:2480} INFO - Exporting env vars: AIRFLOW_CTX_DAG_OWNER='Gabriel' AIRFLOW_CTX_DAG_ID='seed_sitemusica_v2' AIRFLOW_CTX_TASK_ID='seed_composicoes' AIRFLOW_CTX_EXECUTION_DATE='2025-12-03T01:25:34.803493+00:00' AIRFLOW_CTX_TRY_NUMBER='1' AIRFLOW_CTX_DAG_RUN_ID='manual__2025-12-03T01:25:34.803493+00:00'
[2025-12-03T01:46:24.373+0000] {logging_mixin.py:188} INFO - ðŸ”Œ seed_composicoes: Conectando ao banco MySQL...
[2025-12-03T01:46:24.549+0000] {logging_mixin.py:188} INFO - ERRO em seed_composicoes: 1406 (22001): Data too long for column 'composicaocol' at row 1
[2025-12-03T01:46:24.550+0000] {taskinstance.py:2698} ERROR - Task failed with exception
Traceback (most recent call last):
  File "/home/airflow/.local/lib/python3.8/site-packages/mysql/connector/connection_cext.py", line 535, in cmd_query
    self._cmysql.query(query,
_mysql_connector.MySQLInterfaceError: Data too long for column 'composicaocol' at row 1

During handling of the above exception, another exception occurred:

Traceback (most recent call last):
  File "/home/airflow/.local/lib/python3.8/site-packages/airflow/models/taskinstance.py", line 433, in _execute_task
    result = execute_callable(context=context, **execute_callable_kwargs)
  File "/home/airflow/.local/lib/python3.8/site-packages/airflow/operators/python.py", line 199, in execute
    return_value = self.execute_callable()
  File "/home/airflow/.local/lib/python3.8/site-packages/airflow/operators/python.py", line 216, in execute_callable
    return self.python_callable(*self.op_args, **self.op_kwargs)
  File "/opt/airflow/dags/seed_sitemusica.py", line 220, in seed_composicoes
    cursor.executemany(comp_query, batch)
  File "/home/airflow/.local/lib/python3.8/site-packages/mysql/connector/cursor_cext.py", line 358, in executemany
    return self.execute(stmt)
  File "/home/airflow/.local/lib/python3.8/site-packages/mysql/connector/cursor_cext.py", line 269, in execute
    result = self._cnx.cmd_query(stmt, raw=self._raw,
  File "/home/airflow/.local/lib/python3.8/site-packages/mysql/connector/connection_cext.py", line 540, in cmd_query
    raise errors.get_mysql_exception(exc.errno, msg=exc.msg,
mysql.connector.errors.DataError: 1406 (22001): Data too long for column 'composicaocol' at row 1
[2025-12-03T01:46:24.575+0000] {taskinstance.py:1138} INFO - Marking task as UP_FOR_RETRY. dag_id=seed_sitemusica_v2, task_id=seed_composicoes, execution_date=20251203T012534, start_date=20251203T014624, end_date=20251203T014624
[2025-12-03T01:46:24.606+0000] {standard_task_runner.py:107} ERROR - Failed to execute job 32 for task seed_composicoes (1406 (22001): Data too long for column 'composicaocol' at row 1; 83)
[2025-12-03T01:46:24.634+0000] {local_task_job_runner.py:234} INFO - Task exited with return code 1
[2025-12-03T01:46:24.691+0000] {taskinstance.py:3280} INFO - 0 downstream tasks scheduled from follow-on schedule check
